2020-08-18 01:23:36,109 ERROR [base.py(wait_visible_element:54)] - wait_visible_element 超时
2020-08-18 01:25:00,104 ERROR [base.py(wait_visible_element:54)] - wait_visible_element 超时
2020-08-18 01:26:43,753 ERROR [base.py(wait_visible_element:54)] - wait_visible_element 超时
2020-08-18 01:28:37,960 ERROR [base.py(wait_visible_element:54)] - wait_visible_element 超时
2020-08-18 01:30:52,104 ERROR [base.py(wait_visible_element:54)] - wait_visible_element 超时
2020-08-18 01:32:53,748 INFO [app_base.py(activity:17)] - 启动Activity:
2020-08-18 01:32:56,732 INFO [base.py(input_text:78)] - 输入文本:xuezz1997@163.com
2020-08-18 01:32:58,803 INFO [base.py(input_text:78)] - 输入文本:11250520.
2020-08-18 01:32:59,321 INFO [base.py(click:82)] - 点击元素:('id', 'com.netease.mail:id/register_button_next')
2020-08-18 08:26:13,441 INFO [app_base.py(activity:17)] - 启动Activity:
2020-08-18 08:27:07,996 INFO [app_base.py(activity:17)] - 启动Activity:
2020-08-18 08:27:10,849 INFO [base.py(input_text:78)] - 输入文本:xuezz1997@163.com
2020-08-18 08:27:12,427 INFO [base.py(input_text:78)] - 输入文本:11250520.
2020-08-18 08:27:12,944 INFO [base.py(click:82)] - 点击元素:('id', 'com.netease.mail:id/register_button_next')
2020-08-18 08:28:44,696 INFO [app_base.py(activity:17)] - 启动Activity:
2020-08-18 08:28:47,683 INFO [base.py(input_text:78)] - 输入文本:xuezz1997@163.com
2020-08-18 08:28:49,744 INFO [base.py(input_text:78)] - 输入文本:11250520.
2020-08-18 08:28:50,249 INFO [base.py(click:82)] - 点击元素:('id', 'com.netease.mail:id/register_button_next')
2020-08-18 08:30:05,963 INFO [app_base.py(activity:17)] - 启动Activity:
2020-08-18 08:30:08,928 INFO [base.py(input_text:78)] - 输入文本:xuezz1997@163.com
2020-08-18 08:30:10,941 INFO [base.py(input_text:78)] - 输入文本:11250520.
2020-08-18 08:30:11,589 INFO [base.py(click:82)] - 点击元素:('id', 'com.netease.mail:id/register_button_next')
2020-08-18 08:31:09,731 INFO [app_base.py(activity:17)] - 启动Activity:
2020-08-18 08:31:12,673 INFO [base.py(input_text:78)] - 输入文本:xuezz1997@163.com
2020-08-18 08:31:14,751 INFO [base.py(input_text:78)] - 输入文本:11250520.
2020-08-18 08:31:15,259 INFO [base.py(click:82)] - 点击元素:('id', 'com.netease.mail:id/register_button_next')
2020-08-18 08:33:25,172 INFO [app_base.py(activity:17)] - 启动Activity:
2020-08-18 08:33:28,217 INFO [base.py(input_text:78)] - 输入文本:xuezz1997@163.com
2020-08-18 08:33:30,429 INFO [base.py(input_text:78)] - 输入文本:11250520.
2020-08-18 08:33:30,940 INFO [base.py(click:82)] - 点击元素:('id', 'com.netease.mail:id/register_button_next')
2020-08-18 08:49:57,626 INFO [app_base.py(activity:17)] - 启动Activity:
2020-08-18 08:50:00,567 INFO [base.py(input_text:78)] - 输入文本:xuezz1997@163.com
2020-08-18 08:50:02,698 INFO [base.py(input_text:78)] - 输入文本:11250520.
2020-08-18 08:50:03,207 INFO [base.py(click:82)] - 点击元素:('id', 'com.netease.mail:id/register_button_next')
2020-08-18 08:50:03,812 INFO [base.py(click:82)] - 点击元素:('id', 'com.netease.mail:id/button_next')
2020-08-18 08:50:43,352 INFO [app_base.py(activity:17)] - 启动Activity:
2020-08-18 08:50:45,981 INFO [base.py(input_text:78)] - 输入文本:xuezz1997@163.com
2020-08-18 08:50:47,582 INFO [base.py(input_text:78)] - 输入文本:11250520.
2020-08-18 08:50:48,094 INFO [base.py(click:82)] - 点击元素:('id', 'com.netease.mail:id/register_button_next')
2020-08-18 08:50:48,690 INFO [base.py(click:82)] - 点击元素:('id', 'com.netease.mail:id/button_next')
2020-08-18 08:50:50,672 INFO [base.py(click:82)] - 点击元素:('id', 'com.netease.mail:id/skip')
2020-08-18 08:51:01,043 ERROR [base.py(wait_clickable_element:67)] - wait_clickable_element 超时
2020-08-18 08:54:10,227 INFO [app_base.py(activity:17)] - 启动Activity:
2020-08-18 08:54:12,938 INFO [base.py(input_text:78)] - 输入文本:xuezz1997@163.com
2020-08-18 08:54:14,562 INFO [base.py(input_text:78)] - 输入文本:11250520.
2020-08-18 08:54:15,073 INFO [base.py(click:82)] - 点击元素:('id', 'com.netease.mail:id/register_button_next')
2020-08-18 08:54:15,657 INFO [base.py(click:82)] - 点击元素:('id', 'com.netease.mail:id/button_next')
2020-08-18 08:54:17,610 INFO [base.py(click:82)] - 点击元素:('id', 'com.netease.mail:id/skip')
2020-08-18 08:54:27,787 ERROR [base.py(wait_clickable_element:67)] - wait_clickable_element 超时
2020-08-18 09:03:25,500 INFO [app_base.py(activity:17)] - 启动Activity:
2020-08-18 09:03:28,520 INFO [base.py(input_text:78)] - 输入文本:xuezz1997@163.com
2020-08-18 09:03:30,690 INFO [base.py(input_text:78)] - 输入文本:11250520.
2020-08-18 09:03:31,204 INFO [base.py(click:82)] - 点击元素:('id', 'com.netease.mail:id/register_button_next')
2020-08-18 09:03:31,885 INFO [base.py(click:82)] - 点击元素:('id', 'com.netease.mail:id/button_next')
2020-08-18 09:03:41,926 ERROR [base.py(wait_clickable_element:67)] - wait_clickable_element 超时:
2020-08-18 09:07:12,079 INFO [app_base.py(activity:17)] - 启动Activity:
2020-08-18 09:07:14,815 INFO [base.py(input_text:78)] - 输入文本:xuezz1997@163.com
2020-08-18 09:07:16,367 INFO [base.py(input_text:78)] - 输入文本:11250520.
2020-08-18 09:07:16,881 INFO [base.py(click:82)] - 点击元素:('id', 'com.netease.mail:id/register_button_next')
2020-08-18 09:07:17,621 INFO [base.py(click:82)] - 点击元素:('id', 'com.netease.mail:id/button_next')
2020-08-18 09:07:19,636 INFO [base.py(click:82)] - 点击元素:('id', 'com.netease.mail:id/skip')
2020-08-18 09:07:29,812 ERROR [base.py(wait_clickable_element:67)] - wait_clickable_element 超时:
2020-08-18 09:08:34,363 INFO [app_base.py(activity:17)] - 启动Activity:
2020-08-18 09:08:36,951 INFO [base.py(input_text:78)] - 输入文本:xuezz1997@163.com
2020-08-18 09:08:38,563 INFO [base.py(input_text:78)] - 输入文本:11250520.
2020-08-18 09:08:39,075 INFO [base.py(click:82)] - 点击元素:('id', 'com.netease.mail:id/register_button_next')
2020-08-18 09:08:39,649 INFO [base.py(click:82)] - 点击元素:('id', 'com.netease.mail:id/button_next')
2020-08-18 09:10:58,249 INFO [app_base.py(activity:17)] - 启动Activity:
2020-08-18 09:11:00,878 INFO [base.py(input_text:78)] - 输入文本:xuezz1997@163.com
2020-08-18 09:11:02,494 INFO [base.py(input_text:78)] - 输入文本:11250520.
2020-08-18 09:11:03,005 INFO [base.py(click:82)] - 点击元素:('id', 'com.netease.mail:id/register_button_next')
2020-08-18 09:11:03,585 INFO [base.py(click:82)] - 点击元素:('id', 'com.netease.mail:id/button_next')
2020-08-18 09:16:08,762 INFO [app_base.py(activity:17)] - 启动Activity:
2020-08-18 09:16:11,706 INFO [base.py(input_text:78)] - 输入文本:xuezz1997@163.com
2020-08-18 09:16:13,721 INFO [base.py(input_text:78)] - 输入文本:11250520.
2020-08-18 09:16:14,233 INFO [base.py(click:82)] - 点击元素:('id', 'com.netease.mail:id/register_button_next')
2020-08-18 09:16:14,883 INFO [base.py(click:82)] - 点击元素:('id', 'com.netease.mail:id/button_next')
